Performing C SOURCE FILE Test HAVE_GCC_PREFERRED_STACK_BOUNDARY failed with the following output:
Change Dir: /home/cyberEvangelist/Documents/kivy-test/kivy-deps-build/kivy-dependencies/build/SDL2-2.26.4/build/CMakeFiles/CMakeScratch/TryCompile-Md7ztg

Run Build Command(s):/usr/bin/ninja cmTC_6d710 && [1/2] Building C object CMakeFiles/cmTC_6d710.dir/src.c.o
FAILED: CMakeFiles/cmTC_6d710.dir/src.c.o 
/usr/bin/cc -DHAVE_GCC_PREFERRED_STACK_BOUNDARY  -idirafter "/home/cyberEvangelist/Documents/kivy-test/kivy-deps-build/kivy-dependencies/build/SDL2-2.26.4/src/video/khronos" -mpreferred-stack-boundary=2 -o CMakeFiles/cmTC_6d710.dir/src.c.o -c /home/cyberEvangelist/Documents/kivy-test/kivy-deps-build/kivy-dependencies/build/SDL2-2.26.4/build/CMakeFiles/CMakeScratch/TryCompile-Md7ztg/src.c
cc1: error: ‘-mpreferred-stack-boundary=2’ is not between 3 and 12
ninja: build stopped: subcommand failed.


Source file was:
int x = 0; int main(int argc, char **argv) { return 0; }

Performing C SOURCE FILE Test HAVE_ALTIVEC_H_HDR failed with the following output:
Change Dir: /home/cyberEvangelist/Documents/kivy-test/kivy-deps-build/kivy-dependencies/build/SDL2-2.26.4/build/CMakeFiles/CMakeScratch/TryCompile-nKlHGp

Run Build Command(s):/usr/bin/ninja cmTC_fed0d && [1/2] Building C object CMakeFiles/cmTC_fed0d.dir/src.c.o
FAILED: CMakeFiles/cmTC_fed0d.dir/src.c.o 
/usr/bin/cc -DHAVE_ALTIVEC_H_HDR  -idirafter "/home/cyberEvangelist/Documents/kivy-test/kivy-deps-build/kivy-dependencies/build/SDL2-2.26.4/src/video/khronos" -maltivec -o CMakeFiles/cmTC_fed0d.dir/src.c.o -c /home/cyberEvangelist/Documents/kivy-test/kivy-deps-build/kivy-dependencies/build/SDL2-2.26.4/build/CMakeFiles/CMakeScratch/TryCompile-nKlHGp/src.c
cc: error: unrecognized command-line option ‘-maltivec’
ninja: build stopped: subcommand failed.


Source file was:

          #include <altivec.h>
          vector unsigned int vzero() {
              return vec_splat_u32(0);
          }
          int main(int argc, char **argv) { return 0; }

Performing C SOURCE FILE Test HAVE_ALTIVEC failed with the following output:
Change Dir: /home/cyberEvangelist/Documents/kivy-test/kivy-deps-build/kivy-dependencies/build/SDL2-2.26.4/build/CMakeFiles/CMakeScratch/TryCompile-x6ur3t

Run Build Command(s):/usr/bin/ninja cmTC_f5ef1 && [1/2] Building C object CMakeFiles/cmTC_f5ef1.dir/src.c.o
FAILED: CMakeFiles/cmTC_f5ef1.dir/src.c.o 
/usr/bin/cc -DHAVE_ALTIVEC  -idirafter "/home/cyberEvangelist/Documents/kivy-test/kivy-deps-build/kivy-dependencies/build/SDL2-2.26.4/src/video/khronos" -maltivec -o CMakeFiles/cmTC_f5ef1.dir/src.c.o -c /home/cyberEvangelist/Documents/kivy-test/kivy-deps-build/kivy-dependencies/build/SDL2-2.26.4/build/CMakeFiles/CMakeScratch/TryCompile-x6ur3t/src.c
cc: error: unrecognized command-line option ‘-maltivec’
ninja: build stopped: subcommand failed.


Source file was:

          vector unsigned int vzero() {
              return vec_splat_u32(0);
          }
          int main(int argc, char **argv) { return 0; }

Determining if the strlcpy exist failed with the following output:
Change Dir: /home/cyberEvangelist/Documents/kivy-test/kivy-deps-build/kivy-dependencies/build/SDL2-2.26.4/build/CMakeFiles/CMakeScratch/TryCompile-NydOdn

Run Build Command(s):/usr/bin/ninja cmTC_135cc && [1/2] Building C object CMakeFiles/cmTC_135cc.dir/CheckSymbolExists.c.o
FAILED: CMakeFiles/cmTC_135cc.dir/CheckSymbolExists.c.o 
/usr/bin/cc   -idirafter "/home/cyberEvangelist/Documents/kivy-test/kivy-deps-build/kivy-dependencies/build/SDL2-2.26.4/src/video/khronos"  -D_GNU_SOURCE=1 -o CMakeFiles/cmTC_135cc.dir/CheckSymbolExists.c.o -c /home/cyberEvangelist/Documents/kivy-test/kivy-deps-build/kivy-dependencies/build/SDL2-2.26.4/build/CMakeFiles/CMakeScratch/TryCompile-NydOdn/CheckSymbolExists.c
/home/cyberEvangelist/Documents/kivy-test/kivy-deps-build/kivy-dependencies/build/SDL2-2.26.4/build/CMakeFiles/CMakeScratch/TryCompile-NydOdn/CheckSymbolExists.c: In function ‘main’:
/home/cyberEvangelist/Documents/kivy-test/kivy-deps-build/kivy-dependencies/build/SDL2-2.26.4/build/CMakeFiles/CMakeScratch/TryCompile-NydOdn/CheckSymbolExists.c:14:19: error: ‘strlcpy’ undeclared (first use in this function); did you mean ‘strncpy’?
   14 |   return ((int*)(&strlcpy))[argc];
      |                   ^~~~~~~
      |                   strncpy
/home/cyberEvangelist/Documents/kivy-test/kivy-deps-build/kivy-dependencies/build/SDL2-2.26.4/build/CMakeFiles/CMakeScratch/TryCompile-NydOdn/CheckSymbolExists.c:14:19: note: each undeclared identifier is reported only once for each function it appears in
ninja: build stopped: subcommand failed.


File CheckSymbolExists.c:
/* */
#include <stddef.h>
#include <stdarg.h>
#include <stdlib.h>
#include <string.h>
#include <stdio.h>
#include <wchar.h>
#include <float.h>

int main(int argc, char** argv)
{
  (void)argv;
#ifndef strlcpy
  return ((int*)(&strlcpy))[argc];
#else
  (void)argc;
  return 0;
#endif
}
Determining if the strlcat exist failed with the following output:
Change Dir: /home/cyberEvangelist/Documents/kivy-test/kivy-deps-build/kivy-dependencies/build/SDL2-2.26.4/build/CMakeFiles/CMakeScratch/TryCompile-3OLYrt

Run Build Command(s):/usr/bin/ninja cmTC_5fa9c && [1/2] Building C object CMakeFiles/cmTC_5fa9c.dir/CheckSymbolExists.c.o
FAILED: CMakeFiles/cmTC_5fa9c.dir/CheckSymbolExists.c.o 
/usr/bin/cc   -idirafter "/home/cyberEvangelist/Documents/kivy-test/kivy-deps-build/kivy-dependencies/build/SDL2-2.26.4/src/video/khronos"  -D_GNU_SOURCE=1 -o CMakeFiles/cmTC_5fa9c.dir/CheckSymbolExists.c.o -c /home/cyberEvangelist/Documents/kivy-test/kivy-deps-build/kivy-dependencies/build/SDL2-2.26.4/build/CMakeFiles/CMakeScratch/TryCompile-3OLYrt/CheckSymbolExists.c
/home/cyberEvangelist/Documents/kivy-test/kivy-deps-build/kivy-dependencies/build/SDL2-2.26.4/build/CMakeFiles/CMakeScratch/TryCompile-3OLYrt/CheckSymbolExists.c: In function ‘main’:
/home/cyberEvangelist/Documents/kivy-test/kivy-deps-build/kivy-dependencies/build/SDL2-2.26.4/build/CMakeFiles/CMakeScratch/TryCompile-3OLYrt/CheckSymbolExists.c:14:19: error: ‘strlcat’ undeclared (first use in this function); did you mean ‘strncat’?
   14 |   return ((int*)(&strlcat))[argc];
      |                   ^~~~~~~
      |                   strncat
/home/cyberEvangelist/Documents/kivy-test/kivy-deps-build/kivy-dependencies/build/SDL2-2.26.4/build/CMakeFiles/CMakeScratch/TryCompile-3OLYrt/CheckSymbolExists.c:14:19: note: each undeclared identifier is reported only once for each function it appears in
ninja: build stopped: subcommand failed.


File CheckSymbolExists.c:
/* */
#include <stddef.h>
#include <stdarg.h>
#include <stdlib.h>
#include <string.h>
#include <stdio.h>
#include <wchar.h>
#include <float.h>

int main(int argc, char** argv)
{
  (void)argv;
#ifndef strlcat
  return ((int*)(&strlcat))[argc];
#else
  (void)argc;
  return 0;
#endif
}
Determining if the _strrev exist failed with the following output:
Change Dir: /home/cyberEvangelist/Documents/kivy-test/kivy-deps-build/kivy-dependencies/build/SDL2-2.26.4/build/CMakeFiles/CMakeScratch/TryCompile-w4r5WG

Run Build Command(s):/usr/bin/ninja cmTC_96e7d && [1/2] Building C object CMakeFiles/cmTC_96e7d.dir/CheckSymbolExists.c.o
FAILED: CMakeFiles/cmTC_96e7d.dir/CheckSymbolExists.c.o 
/usr/bin/cc   -idirafter "/home/cyberEvangelist/Documents/kivy-test/kivy-deps-build/kivy-dependencies/build/SDL2-2.26.4/src/video/khronos"  -D_GNU_SOURCE=1 -o CMakeFiles/cmTC_96e7d.dir/CheckSymbolExists.c.o -c /home/cyberEvangelist/Documents/kivy-test/kivy-deps-build/kivy-dependencies/build/SDL2-2.26.4/build/CMakeFiles/CMakeScratch/TryCompile-w4r5WG/CheckSymbolExists.c
/home/cyberEvangelist/Documents/kivy-test/kivy-deps-build/kivy-dependencies/build/SDL2-2.26.4/build/CMakeFiles/CMakeScratch/TryCompile-w4r5WG/CheckSymbolExists.c: In function ‘main’:
/home/cyberEvangelist/Documents/kivy-test/kivy-deps-build/kivy-dependencies/build/SDL2-2.26.4/build/CMakeFiles/CMakeScratch/TryCompile-w4r5WG/CheckSymbolExists.c:14:19: error: ‘_strrev’ undeclared (first use in this function)
   14 |   return ((int*)(&_strrev))[argc];
      |                   ^~~~~~~
/home/cyberEvangelist/Documents/kivy-test/kivy-deps-build/kivy-dependencies/build/SDL2-2.26.4/build/CMakeFiles/CMakeScratch/TryCompile-w4r5WG/CheckSymbolExists.c:14:19: note: each undeclared identifier is reported only once for each function it appears in
ninja: build stopped: subcommand failed.


File CheckSymbolExists.c:
/* */
#include <stddef.h>
#include <stdarg.h>
#include <stdlib.h>
#include <string.h>
#include <stdio.h>
#include <wchar.h>
#include <float.h>

int main(int argc, char** argv)
{
  (void)argv;
#ifndef _strrev
  return ((int*)(&_strrev))[argc];
#else
  (void)argc;
  return 0;
#endif
}
Determining if the _strupr exist failed with the following output:
Change Dir: /home/cyberEvangelist/Documents/kivy-test/kivy-deps-build/kivy-dependencies/build/SDL2-2.26.4/build/CMakeFiles/CMakeScratch/TryCompile-ESdVK1

Run Build Command(s):/usr/bin/ninja cmTC_86193 && [1/2] Building C object CMakeFiles/cmTC_86193.dir/CheckSymbolExists.c.o
FAILED: CMakeFiles/cmTC_86193.dir/CheckSymbolExists.c.o 
/usr/bin/cc   -idirafter "/home/cyberEvangelist/Documents/kivy-test/kivy-deps-build/kivy-dependencies/build/SDL2-2.26.4/src/video/khronos"  -D_GNU_SOURCE=1 -o CMakeFiles/cmTC_86193.dir/CheckSymbolExists.c.o -c /home/cyberEvangelist/Documents/kivy-test/kivy-deps-build/kivy-dependencies/build/SDL2-2.26.4/build/CMakeFiles/CMakeScratch/TryCompile-ESdVK1/CheckSymbolExists.c
/home/cyberEvangelist/Documents/kivy-test/kivy-deps-build/kivy-dependencies/build/SDL2-2.26.4/build/CMakeFiles/CMakeScratch/TryCompile-ESdVK1/CheckSymbolExists.c: In function ‘main’:
/home/cyberEvangelist/Documents/kivy-test/kivy-deps-build/kivy-dependencies/build/SDL2-2.26.4/build/CMakeFiles/CMakeScratch/TryCompile-ESdVK1/CheckSymbolExists.c:14:19: error: ‘_strupr’ undeclared (first use in this function)
   14 |   return ((int*)(&_strupr))[argc];
      |                   ^~~~~~~
/home/cyberEvangelist/Documents/kivy-test/kivy-deps-build/kivy-dependencies/build/SDL2-2.26.4/build/CMakeFiles/CMakeScratch/TryCompile-ESdVK1/CheckSymbolExists.c:14:19: note: each undeclared identifier is reported only once for each function it appears in
ninja: build stopped: subcommand failed.


File CheckSymbolExists.c:
/* */
#include <stddef.h>
#include <stdarg.h>
#include <stdlib.h>
#include <string.h>
#include <stdio.h>
#include <wchar.h>
#include <float.h>

int main(int argc, char** argv)
{
  (void)argv;
#ifndef _strupr
  return ((int*)(&_strupr))[argc];
#else
  (void)argc;
  return 0;
#endif
}
Determining if the _strlwr exist failed with the following output:
Change Dir: /home/cyberEvangelist/Documents/kivy-test/kivy-deps-build/kivy-dependencies/build/SDL2-2.26.4/build/CMakeFiles/CMakeScratch/TryCompile-EChQIp

Run Build Command(s):/usr/bin/ninja cmTC_ca54d && [1/2] Building C object CMakeFiles/cmTC_ca54d.dir/CheckSymbolExists.c.o
FAILED: CMakeFiles/cmTC_ca54d.dir/CheckSymbolExists.c.o 
/usr/bin/cc   -idirafter "/home/cyberEvangelist/Documents/kivy-test/kivy-deps-build/kivy-dependencies/build/SDL2-2.26.4/src/video/khronos"  -D_GNU_SOURCE=1 -o CMakeFiles/cmTC_ca54d.dir/CheckSymbolExists.c.o -c /home/cyberEvangelist/Documents/kivy-test/kivy-deps-build/kivy-dependencies/build/SDL2-2.26.4/build/CMakeFiles/CMakeScratch/TryCompile-EChQIp/CheckSymbolExists.c
/home/cyberEvangelist/Documents/kivy-test/kivy-deps-build/kivy-dependencies/build/SDL2-2.26.4/build/CMakeFiles/CMakeScratch/TryCompile-EChQIp/CheckSymbolExists.c: In function ‘main’:
/home/cyberEvangelist/Documents/kivy-test/kivy-deps-build/kivy-dependencies/build/SDL2-2.26.4/build/CMakeFiles/CMakeScratch/TryCompile-EChQIp/CheckSymbolExists.c:14:19: error: ‘_strlwr’ undeclared (first use in this function)
   14 |   return ((int*)(&_strlwr))[argc];
      |                   ^~~~~~~
/home/cyberEvangelist/Documents/kivy-test/kivy-deps-build/kivy-dependencies/build/SDL2-2.26.4/build/CMakeFiles/CMakeScratch/TryCompile-EChQIp/CheckSymbolExists.c:14:19: note: each undeclared identifier is reported only once for each function it appears in
ninja: build stopped: subcommand failed.


File CheckSymbolExists.c:
/* */
#include <stddef.h>
#include <stdarg.h>
#include <stdlib.h>
#include <string.h>
#include <stdio.h>
#include <wchar.h>
#include <float.h>

int main(int argc, char** argv)
{
  (void)argv;
#ifndef _strlwr
  return ((int*)(&_strlwr))[argc];
#else
  (void)argc;
  return 0;
#endif
}
Determining if the itoa exist failed with the following output:
Change Dir: /home/cyberEvangelist/Documents/kivy-test/kivy-deps-build/kivy-dependencies/build/SDL2-2.26.4/build/CMakeFiles/CMakeScratch/TryCompile-jllj8N

Run Build Command(s):/usr/bin/ninja cmTC_40951 && [1/2] Building C object CMakeFiles/cmTC_40951.dir/CheckSymbolExists.c.o
FAILED: CMakeFiles/cmTC_40951.dir/CheckSymbolExists.c.o 
/usr/bin/cc   -idirafter "/home/cyberEvangelist/Documents/kivy-test/kivy-deps-build/kivy-dependencies/build/SDL2-2.26.4/src/video/khronos"  -D_GNU_SOURCE=1 -o CMakeFiles/cmTC_40951.dir/CheckSymbolExists.c.o -c /home/cyberEvangelist/Documents/kivy-test/kivy-deps-build/kivy-dependencies/build/SDL2-2.26.4/build/CMakeFiles/CMakeScratch/TryCompile-jllj8N/CheckSymbolExists.c
/home/cyberEvangelist/Documents/kivy-test/kivy-deps-build/kivy-dependencies/build/SDL2-2.26.4/build/CMakeFiles/CMakeScratch/TryCompile-jllj8N/CheckSymbolExists.c: In function ‘main’:
/home/cyberEvangelist/Documents/kivy-test/kivy-deps-build/kivy-dependencies/build/SDL2-2.26.4/build/CMakeFiles/CMakeScratch/TryCompile-jllj8N/CheckSymbolExists.c:14:19: error: ‘itoa’ undeclared (first use in this function)
   14 |   return ((int*)(&itoa))[argc];
      |                   ^~~~
/home/cyberEvangelist/Documents/kivy-test/kivy-deps-build/kivy-dependencies/build/SDL2-2.26.4/build/CMakeFiles/CMakeScratch/TryCompile-jllj8N/CheckSymbolExists.c:14:19: note: each undeclared identifier is reported only once for each function it appears in
ninja: build stopped: subcommand failed.


File CheckSymbolExists.c:
/* */
#include <stddef.h>
#include <stdarg.h>
#include <stdlib.h>
#include <string.h>
#include <stdio.h>
#include <wchar.h>
#include <float.h>

int main(int argc, char** argv)
{
  (void)argv;
#ifndef itoa
  return ((int*)(&itoa))[argc];
#else
  (void)argc;
  return 0;
#endif
}
Determining if the _ltoa exist failed with the following output:
Change Dir: /home/cyberEvangelist/Documents/kivy-test/kivy-deps-build/kivy-dependencies/build/SDL2-2.26.4/build/CMakeFiles/CMakeScratch/TryCompile-CB52rq

Run Build Command(s):/usr/bin/ninja cmTC_3b798 && [1/2] Building C object CMakeFiles/cmTC_3b798.dir/CheckSymbolExists.c.o
FAILED: CMakeFiles/cmTC_3b798.dir/CheckSymbolExists.c.o 
/usr/bin/cc   -idirafter "/home/cyberEvangelist/Documents/kivy-test/kivy-deps-build/kivy-dependencies/build/SDL2-2.26.4/src/video/khronos"  -D_GNU_SOURCE=1 -o CMakeFiles/cmTC_3b798.dir/CheckSymbolExists.c.o -c /home/cyberEvangelist/Documents/kivy-test/kivy-deps-build/kivy-dependencies/build/SDL2-2.26.4/build/CMakeFiles/CMakeScratch/TryCompile-CB52rq/CheckSymbolExists.c
/home/cyberEvangelist/Documents/kivy-test/kivy-deps-build/kivy-dependencies/build/SDL2-2.26.4/build/CMakeFiles/CMakeScratch/TryCompile-CB52rq/CheckSymbolExists.c: In function ‘main’:
/home/cyberEvangelist/Documents/kivy-test/kivy-deps-build/kivy-dependencies/build/SDL2-2.26.4/build/CMakeFiles/CMakeScratch/TryCompile-CB52rq/CheckSymbolExists.c:14:19: error: ‘_ltoa’ undeclared (first use in this function)
   14 |   return ((int*)(&_ltoa))[argc];
      |                   ^~~~~
/home/cyberEvangelist/Documents/kivy-test/kivy-deps-build/kivy-dependencies/build/SDL2-2.26.4/build/CMakeFiles/CMakeScratch/TryCompile-CB52rq/CheckSymbolExists.c:14:19: note: each undeclared identifier is reported only once for each function it appears in
ninja: build stopped: subcommand failed.


File CheckSymbolExists.c:
/* */
#include <stddef.h>
#include <stdarg.h>
#include <stdlib.h>
#include <string.h>
#include <stdio.h>
#include <wchar.h>
#include <float.h>

int main(int argc, char** argv)
{
  (void)argv;
#ifndef _ltoa
  return ((int*)(&_ltoa))[argc];
#else
  (void)argc;
  return 0;
#endif
}
Determining if the _uitoa exist failed with the following output:
Change Dir: /home/cyberEvangelist/Documents/kivy-test/kivy-deps-build/kivy-dependencies/build/SDL2-2.26.4/build/CMakeFiles/CMakeScratch/TryCompile-eUGrmZ

Run Build Command(s):/usr/bin/ninja cmTC_3c9b9 && [1/2] Building C object CMakeFiles/cmTC_3c9b9.dir/CheckSymbolExists.c.o
FAILED: CMakeFiles/cmTC_3c9b9.dir/CheckSymbolExists.c.o 
/usr/bin/cc   -idirafter "/home/cyberEvangelist/Documents/kivy-test/kivy-deps-build/kivy-dependencies/build/SDL2-2.26.4/src/video/khronos"  -D_GNU_SOURCE=1 -o CMakeFiles/cmTC_3c9b9.dir/CheckSymbolExists.c.o -c /home/cyberEvangelist/Documents/kivy-test/kivy-deps-build/kivy-dependencies/build/SDL2-2.26.4/build/CMakeFiles/CMakeScratch/TryCompile-eUGrmZ/CheckSymbolExists.c
/home/cyberEvangelist/Documents/kivy-test/kivy-deps-build/kivy-dependencies/build/SDL2-2.26.4/build/CMakeFiles/CMakeScratch/TryCompile-eUGrmZ/CheckSymbolExists.c: In function ‘main’:
/home/cyberEvangelist/Documents/kivy-test/kivy-deps-build/kivy-dependencies/build/SDL2-2.26.4/build/CMakeFiles/CMakeScratch/TryCompile-eUGrmZ/CheckSymbolExists.c:14:19: error: ‘_uitoa’ undeclared (first use in this function)
   14 |   return ((int*)(&_uitoa))[argc];
      |                   ^~~~~~
/home/cyberEvangelist/Documents/kivy-test/kivy-deps-build/kivy-dependencies/build/SDL2-2.26.4/build/CMakeFiles/CMakeScratch/TryCompile-eUGrmZ/CheckSymbolExists.c:14:19: note: each undeclared identifier is reported only once for each function it appears in
ninja: build stopped: subcommand failed.


File CheckSymbolExists.c:
/* */
#include <stddef.h>
#include <stdarg.h>
#include <stdlib.h>
#include <string.h>
#include <stdio.h>
#include <wchar.h>
#include <float.h>

int main(int argc, char** argv)
{
  (void)argv;
#ifndef _uitoa
  return ((int*)(&_uitoa))[argc];
#else
  (void)argc;
  return 0;
#endif
}
Determining if the _ultoa exist failed with the following output:
Change Dir: /home/cyberEvangelist/Documents/kivy-test/kivy-deps-build/kivy-dependencies/build/SDL2-2.26.4/build/CMakeFiles/CMakeScratch/TryCompile-rSRxQ6

Run Build Command(s):/usr/bin/ninja cmTC_4ce4d && [1/2] Building C object CMakeFiles/cmTC_4ce4d.dir/CheckSymbolExists.c.o
FAILED: CMakeFiles/cmTC_4ce4d.dir/CheckSymbolExists.c.o 
/usr/bin/cc   -idirafter "/home/cyberEvangelist/Documents/kivy-test/kivy-deps-build/kivy-dependencies/build/SDL2-2.26.4/src/video/khronos"  -D_GNU_SOURCE=1 -o CMakeFiles/cmTC_4ce4d.dir/CheckSymbolExists.c.o -c /home/cyberEvangelist/Documents/kivy-test/kivy-deps-build/kivy-dependencies/build/SDL2-2.26.4/build/CMakeFiles/CMakeScratch/TryCompile-rSRxQ6/CheckSymbolExists.c
/home/cyberEvangelist/Documents/kivy-test/kivy-deps-build/kivy-dependencies/build/SDL2-2.26.4/build/CMakeFiles/CMakeScratch/TryCompile-rSRxQ6/CheckSymbolExists.c: In function ‘main’:
/home/cyberEvangelist/Documents/kivy-test/kivy-deps-build/kivy-dependencies/build/SDL2-2.26.4/build/CMakeFiles/CMakeScratch/TryCompile-rSRxQ6/CheckSymbolExists.c:14:19: error: ‘_ultoa’ undeclared (first use in this function)
   14 |   return ((int*)(&_ultoa))[argc];
      |                   ^~~~~~
/home/cyberEvangelist/Documents/kivy-test/kivy-deps-build/kivy-dependencies/build/SDL2-2.26.4/build/CMakeFiles/CMakeScratch/TryCompile-rSRxQ6/CheckSymbolExists.c:14:19: note: each undeclared identifier is reported only once for each function it appears in
ninja: build stopped: subcommand failed.


File CheckSymbolExists.c:
/* */
#include <stddef.h>
#include <stdarg.h>
#include <stdlib.h>
#include <string.h>
#include <stdio.h>
#include <wchar.h>
#include <float.h>

int main(int argc, char** argv)
{
  (void)argv;
#ifndef _ultoa
  return ((int*)(&_ultoa))[argc];
#else
  (void)argc;
  return 0;
#endif
}
Determining if the _i64toa exist failed with the following output:
Change Dir: /home/cyberEvangelist/Documents/kivy-test/kivy-deps-build/kivy-dependencies/build/SDL2-2.26.4/build/CMakeFiles/CMakeScratch/TryCompile-q2FAdv

Run Build Command(s):/usr/bin/ninja cmTC_622c1 && [1/2] Building C object CMakeFiles/cmTC_622c1.dir/CheckSymbolExists.c.o
FAILED: CMakeFiles/cmTC_622c1.dir/CheckSymbolExists.c.o 
/usr/bin/cc   -idirafter "/home/cyberEvangelist/Documents/kivy-test/kivy-deps-build/kivy-dependencies/build/SDL2-2.26.4/src/video/khronos"  -D_GNU_SOURCE=1 -o CMakeFiles/cmTC_622c1.dir/CheckSymbolExists.c.o -c /home/cyberEvangelist/Documents/kivy-test/kivy-deps-build/kivy-dependencies/build/SDL2-2.26.4/build/CMakeFiles/CMakeScratch/TryCompile-q2FAdv/CheckSymbolExists.c
/home/cyberEvangelist/Documents/kivy-test/kivy-deps-build/kivy-dependencies/build/SDL2-2.26.4/build/CMakeFiles/CMakeScratch/TryCompile-q2FAdv/CheckSymbolExists.c: In function ‘main’:
/home/cyberEvangelist/Documents/kivy-test/kivy-deps-build/kivy-dependencies/build/SDL2-2.26.4/build/CMakeFiles/CMakeScratch/TryCompile-q2FAdv/CheckSymbolExists.c:14:19: error: ‘_i64toa’ undeclared (first use in this function)
   14 |   return ((int*)(&_i64toa))[argc];
      |                   ^~~~~~~
/home/cyberEvangelist/Documents/kivy-test/kivy-deps-build/kivy-dependencies/build/SDL2-2.26.4/build/CMakeFiles/CMakeScratch/TryCompile-q2FAdv/CheckSymbolExists.c:14:19: note: each undeclared identifier is reported only once for each function it appears in
ninja: build stopped: subcommand failed.


File CheckSymbolExists.c:
/* */
#include <stddef.h>
#include <stdarg.h>
#include <stdlib.h>
#include <string.h>
#include <stdio.h>
#include <wchar.h>
#include <float.h>

int main(int argc, char** argv)
{
  (void)argv;
#ifndef _i64toa
  return ((int*)(&_i64toa))[argc];
#else
  (void)argc;
  return 0;
#endif
}
Determining if the _ui64toa exist failed with the following output:
Change Dir: /home/cyberEvangelist/Documents/kivy-test/kivy-deps-build/kivy-dependencies/build/SDL2-2.26.4/build/CMakeFiles/CMakeScratch/TryCompile-iIBwlP

Run Build Command(s):/usr/bin/ninja cmTC_cfcf9 && [1/2] Building C object CMakeFiles/cmTC_cfcf9.dir/CheckSymbolExists.c.o
FAILED: CMakeFiles/cmTC_cfcf9.dir/CheckSymbolExists.c.o 
/usr/bin/cc   -idirafter "/home/cyberEvangelist/Documents/kivy-test/kivy-deps-build/kivy-dependencies/build/SDL2-2.26.4/src/video/khronos"  -D_GNU_SOURCE=1 -o CMakeFiles/cmTC_cfcf9.dir/CheckSymbolExists.c.o -c /home/cyberEvangelist/Documents/kivy-test/kivy-deps-build/kivy-dependencies/build/SDL2-2.26.4/build/CMakeFiles/CMakeScratch/TryCompile-iIBwlP/CheckSymbolExists.c
/home/cyberEvangelist/Documents/kivy-test/kivy-deps-build/kivy-dependencies/build/SDL2-2.26.4/build/CMakeFiles/CMakeScratch/TryCompile-iIBwlP/CheckSymbolExists.c: In function ‘main’:
/home/cyberEvangelist/Documents/kivy-test/kivy-deps-build/kivy-dependencies/build/SDL2-2.26.4/build/CMakeFiles/CMakeScratch/TryCompile-iIBwlP/CheckSymbolExists.c:14:19: error: ‘_ui64toa’ undeclared (first use in this function)
   14 |   return ((int*)(&_ui64toa))[argc];
      |                   ^~~~~~~~
/home/cyberEvangelist/Documents/kivy-test/kivy-deps-build/kivy-dependencies/build/SDL2-2.26.4/build/CMakeFiles/CMakeScratch/TryCompile-iIBwlP/CheckSymbolExists.c:14:19: note: each undeclared identifier is reported only once for each function it appears in
ninja: build stopped: subcommand failed.


File CheckSymbolExists.c:
/* */
#include <stddef.h>
#include <stdarg.h>
#include <stdlib.h>
#include <string.h>
#include <stdio.h>
#include <wchar.h>
#include <float.h>

int main(int argc, char** argv)
{
  (void)argv;
#ifndef _ui64toa
  return ((int*)(&_ui64toa))[argc];
#else
  (void)argc;
  return 0;
#endif
}
Determining if the _stricmp exist failed with the following output:
Change Dir: /home/cyberEvangelist/Documents/kivy-test/kivy-deps-build/kivy-dependencies/build/SDL2-2.26.4/build/CMakeFiles/CMakeScratch/TryCompile-ch0A6P

Run Build Command(s):/usr/bin/ninja cmTC_2b6da && [1/2] Building C object CMakeFiles/cmTC_2b6da.dir/CheckSymbolExists.c.o
FAILED: CMakeFiles/cmTC_2b6da.dir/CheckSymbolExists.c.o 
/usr/bin/cc   -idirafter "/home/cyberEvangelist/Documents/kivy-test/kivy-deps-build/kivy-dependencies/build/SDL2-2.26.4/src/video/khronos"  -D_GNU_SOURCE=1 -o CMakeFiles/cmTC_2b6da.dir/CheckSymbolExists.c.o -c /home/cyberEvangelist/Documents/kivy-test/kivy-deps-build/kivy-dependencies/build/SDL2-2.26.4/build/CMakeFiles/CMakeScratch/TryCompile-ch0A6P/CheckSymbolExists.c
/home/cyberEvangelist/Documents/kivy-test/kivy-deps-build/kivy-dependencies/build/SDL2-2.26.4/build/CMakeFiles/CMakeScratch/TryCompile-ch0A6P/CheckSymbolExists.c: In function ‘main’:
/home/cyberEvangelist/Documents/kivy-test/kivy-deps-build/kivy-dependencies/build/SDL2-2.26.4/build/CMakeFiles/CMakeScratch/TryCompile-ch0A6P/CheckSymbolExists.c:14:19: error: ‘_stricmp’ undeclared (first use in this function); did you mean ‘strncmp’?
   14 |   return ((int*)(&_stricmp))[argc];
      |                   ^~~~~~~~
      |                   strncmp
/home/cyberEvangelist/Documents/kivy-test/kivy-deps-build/kivy-dependencies/build/SDL2-2.26.4/build/CMakeFiles/CMakeScratch/TryCompile-ch0A6P/CheckSymbolExists.c:14:19: note: each undeclared identifier is reported only once for each function it appears in
ninja: build stopped: subcommand failed.


File CheckSymbolExists.c:
/* */
#include <stddef.h>
#include <stdarg.h>
#include <stdlib.h>
#include <string.h>
#include <stdio.h>
#include <wchar.h>
#include <float.h>

int main(int argc, char** argv)
{
  (void)argv;
#ifndef _stricmp
  return ((int*)(&_stricmp))[argc];
#else
  (void)argc;
  return 0;
#endif
}
Determining if the _strnicmp exist failed with the following output:
Change Dir: /home/cyberEvangelist/Documents/kivy-test/kivy-deps-build/kivy-dependencies/build/SDL2-2.26.4/build/CMakeFiles/CMakeScratch/TryCompile-IJXzQN

Run Build Command(s):/usr/bin/ninja cmTC_35512 && [1/2] Building C object CMakeFiles/cmTC_35512.dir/CheckSymbolExists.c.o
FAILED: CMakeFiles/cmTC_35512.dir/CheckSymbolExists.c.o 
/usr/bin/cc   -idirafter "/home/cyberEvangelist/Documents/kivy-test/kivy-deps-build/kivy-dependencies/build/SDL2-2.26.4/src/video/khronos"  -D_GNU_SOURCE=1 -o CMakeFiles/cmTC_35512.dir/CheckSymbolExists.c.o -c /home/cyberEvangelist/Documents/kivy-test/kivy-deps-build/kivy-dependencies/build/SDL2-2.26.4/build/CMakeFiles/CMakeScratch/TryCompile-IJXzQN/CheckSymbolExists.c
/home/cyberEvangelist/Documents/kivy-test/kivy-deps-build/kivy-dependencies/build/SDL2-2.26.4/build/CMakeFiles/CMakeScratch/TryCompile-IJXzQN/CheckSymbolExists.c: In function ‘main’:
/home/cyberEvangelist/Documents/kivy-test/kivy-deps-build/kivy-dependencies/build/SDL2-2.26.4/build/CMakeFiles/CMakeScratch/TryCompile-IJXzQN/CheckSymbolExists.c:14:19: error: ‘_strnicmp’ undeclared (first use in this function); did you mean ‘strncmp’?
   14 |   return ((int*)(&_strnicmp))[argc];
      |                   ^~~~~~~~~
      |                   strncmp
/home/cyberEvangelist/Documents/kivy-test/kivy-deps-build/kivy-dependencies/build/SDL2-2.26.4/build/CMakeFiles/CMakeScratch/TryCompile-IJXzQN/CheckSymbolExists.c:14:19: note: each undeclared identifier is reported only once for each function it appears in
ninja: build stopped: subcommand failed.


File CheckSymbolExists.c:
/* */
#include <stddef.h>
#include <stdarg.h>
#include <stdlib.h>
#include <string.h>
#include <stdio.h>
#include <wchar.h>
#include <float.h>

int main(int argc, char** argv)
{
  (void)argv;
#ifndef _strnicmp
  return ((int*)(&_strnicmp))[argc];
#else
  (void)argc;
  return 0;
#endif
}
Determining if the _wcsdup exist failed with the following output:
Change Dir: /home/cyberEvangelist/Documents/kivy-test/kivy-deps-build/kivy-dependencies/build/SDL2-2.26.4/build/CMakeFiles/CMakeScratch/TryCompile-z0zqai

Run Build Command(s):/usr/bin/ninja cmTC_40219 && [1/2] Building C object CMakeFiles/cmTC_40219.dir/CheckSymbolExists.c.o
FAILED: CMakeFiles/cmTC_40219.dir/CheckSymbolExists.c.o 
/usr/bin/cc   -idirafter "/home/cyberEvangelist/Documents/kivy-test/kivy-deps-build/kivy-dependencies/build/SDL2-2.26.4/src/video/khronos"  -D_GNU_SOURCE=1 -o CMakeFiles/cmTC_40219.dir/CheckSymbolExists.c.o -c /home/cyberEvangelist/Documents/kivy-test/kivy-deps-build/kivy-dependencies/build/SDL2-2.26.4/build/CMakeFiles/CMakeScratch/TryCompile-z0zqai/CheckSymbolExists.c
/home/cyberEvangelist/Documents/kivy-test/kivy-deps-build/kivy-dependencies/build/SDL2-2.26.4/build/CMakeFiles/CMakeScratch/TryCompile-z0zqai/CheckSymbolExists.c: In function ‘main’:
/home/cyberEvangelist/Documents/kivy-test/kivy-deps-build/kivy-dependencies/build/SDL2-2.26.4/build/CMakeFiles/CMakeScratch/TryCompile-z0zqai/CheckSymbolExists.c:14:19: error: ‘_wcsdup’ undeclared (first use in this function); did you mean ‘wcsdup’?
   14 |   return ((int*)(&_wcsdup))[argc];
      |                   ^~~~~~~
      |                   wcsdup
/home/cyberEvangelist/Documents/kivy-test/kivy-deps-build/kivy-dependencies/build/SDL2-2.26.4/build/CMakeFiles/CMakeScratch/TryCompile-z0zqai/CheckSymbolExists.c:14:19: note: each undeclared identifier is reported only once for each function it appears in
ninja: build stopped: subcommand failed.


File CheckSymbolExists.c:
/* */
#include <stddef.h>
#include <stdarg.h>
#include <stdlib.h>
#include <string.h>
#include <stdio.h>
#include <wchar.h>
#include <float.h>

int main(int argc, char** argv)
{
  (void)argv;
#ifndef _wcsdup
  return ((int*)(&_wcsdup))[argc];
#else
  (void)argc;
  return 0;
#endif
}
Determining if the wcslcat exist failed with the following output:
Change Dir: /home/cyberEvangelist/Documents/kivy-test/kivy-deps-build/kivy-dependencies/build/SDL2-2.26.4/build/CMakeFiles/CMakeScratch/TryCompile-kEVnPa

Run Build Command(s):/usr/bin/ninja cmTC_2f795 && [1/2] Building C object CMakeFiles/cmTC_2f795.dir/CheckSymbolExists.c.o
FAILED: CMakeFiles/cmTC_2f795.dir/CheckSymbolExists.c.o 
/usr/bin/cc   -idirafter "/home/cyberEvangelist/Documents/kivy-test/kivy-deps-build/kivy-dependencies/build/SDL2-2.26.4/src/video/khronos"  -D_GNU_SOURCE=1 -o CMakeFiles/cmTC_2f795.dir/CheckSymbolExists.c.o -c /home/cyberEvangelist/Documents/kivy-test/kivy-deps-build/kivy-dependencies/build/SDL2-2.26.4/build/CMakeFiles/CMakeScratch/TryCompile-kEVnPa/CheckSymbolExists.c
/home/cyberEvangelist/Documents/kivy-test/kivy-deps-build/kivy-dependencies/build/SDL2-2.26.4/build/CMakeFiles/CMakeScratch/TryCompile-kEVnPa/CheckSymbolExists.c: In function ‘main’:
/home/cyberEvangelist/Documents/kivy-test/kivy-deps-build/kivy-dependencies/build/SDL2-2.26.4/build/CMakeFiles/CMakeScratch/TryCompile-kEVnPa/CheckSymbolExists.c:14:19: error: ‘wcslcat’ undeclared (first use in this function); did you mean ‘wcsncat’?
   14 |   return ((int*)(&wcslcat))[argc];
      |                   ^~~~~~~
      |                   wcsncat
/home/cyberEvangelist/Documents/kivy-test/kivy-deps-build/kivy-dependencies/build/SDL2-2.26.4/build/CMakeFiles/CMakeScratch/TryCompile-kEVnPa/CheckSymbolExists.c:14:19: note: each undeclared identifier is reported only once for each function it appears in
ninja: build stopped: subcommand failed.


File CheckSymbolExists.c:
/* */
#include <stddef.h>
#include <stdarg.h>
#include <stdlib.h>
#include <string.h>
#include <stdio.h>
#include <wchar.h>
#include <float.h>

int main(int argc, char** argv)
{
  (void)argv;
#ifndef wcslcat
  return ((int*)(&wcslcat))[argc];
#else
  (void)argc;
  return 0;
#endif
}
Determining if the wcslcpy exist failed with the following output:
Change Dir: /home/cyberEvangelist/Documents/kivy-test/kivy-deps-build/kivy-dependencies/build/SDL2-2.26.4/build/CMakeFiles/CMakeScratch/TryCompile-n2qY4d

Run Build Command(s):/usr/bin/ninja cmTC_677ea && [1/2] Building C object CMakeFiles/cmTC_677ea.dir/CheckSymbolExists.c.o
FAILED: CMakeFiles/cmTC_677ea.dir/CheckSymbolExists.c.o 
/usr/bin/cc   -idirafter "/home/cyberEvangelist/Documents/kivy-test/kivy-deps-build/kivy-dependencies/build/SDL2-2.26.4/src/video/khronos"  -D_GNU_SOURCE=1 -o CMakeFiles/cmTC_677ea.dir/CheckSymbolExists.c.o -c /home/cyberEvangelist/Documents/kivy-test/kivy-deps-build/kivy-dependencies/build/SDL2-2.26.4/build/CMakeFiles/CMakeScratch/TryCompile-n2qY4d/CheckSymbolExists.c
/home/cyberEvangelist/Documents/kivy-test/kivy-deps-build/kivy-dependencies/build/SDL2-2.26.4/build/CMakeFiles/CMakeScratch/TryCompile-n2qY4d/CheckSymbolExists.c: In function ‘main’:
/home/cyberEvangelist/Documents/kivy-test/kivy-deps-build/kivy-dependencies/build/SDL2-2.26.4/build/CMakeFiles/CMakeScratch/TryCompile-n2qY4d/CheckSymbolExists.c:14:19: error: ‘wcslcpy’ undeclared (first use in this function); did you mean ‘wcsncpy’?
   14 |   return ((int*)(&wcslcpy))[argc];
      |                   ^~~~~~~
      |                   wcsncpy
/home/cyberEvangelist/Documents/kivy-test/kivy-deps-build/kivy-dependencies/build/SDL2-2.26.4/build/CMakeFiles/CMakeScratch/TryCompile-n2qY4d/CheckSymbolExists.c:14:19: note: each undeclared identifier is reported only once for each function it appears in
ninja: build stopped: subcommand failed.


File CheckSymbolExists.c:
/* */
#include <stddef.h>
#include <stdarg.h>
#include <stdlib.h>
#include <string.h>
#include <stdio.h>
#include <wchar.h>
#include <float.h>

int main(int argc, char** argv)
{
  (void)argv;
#ifndef wcslcpy
  return ((int*)(&wcslcpy))[argc];
#else
  (void)argc;
  return 0;
#endif
}
Determining if the _wcsicmp exist failed with the following output:
Change Dir: /home/cyberEvangelist/Documents/kivy-test/kivy-deps-build/kivy-dependencies/build/SDL2-2.26.4/build/CMakeFiles/CMakeScratch/TryCompile-ZuRv9E

Run Build Command(s):/usr/bin/ninja cmTC_e8e50 && [1/2] Building C object CMakeFiles/cmTC_e8e50.dir/CheckSymbolExists.c.o
FAILED: CMakeFiles/cmTC_e8e50.dir/CheckSymbolExists.c.o 
/usr/bin/cc   -idirafter "/home/cyberEvangelist/Documents/kivy-test/kivy-deps-build/kivy-dependencies/build/SDL2-2.26.4/src/video/khronos"  -D_GNU_SOURCE=1 -o CMakeFiles/cmTC_e8e50.dir/CheckSymbolExists.c.o -c /home/cyberEvangelist/Documents/kivy-test/kivy-deps-build/kivy-dependencies/build/SDL2-2.26.4/build/CMakeFiles/CMakeScratch/TryCompile-ZuRv9E/CheckSymbolExists.c
/home/cyberEvangelist/Documents/kivy-test/kivy-deps-build/kivy-dependencies/build/SDL2-2.26.4/build/CMakeFiles/CMakeScratch/TryCompile-ZuRv9E/CheckSymbolExists.c: In function ‘main’:
/home/cyberEvangelist/Documents/kivy-test/kivy-deps-build/kivy-dependencies/build/SDL2-2.26.4/build/CMakeFiles/CMakeScratch/TryCompile-ZuRv9E/CheckSymbolExists.c:14:19: error: ‘_wcsicmp’ undeclared (first use in this function); did you mean ‘wcsncmp’?
   14 |   return ((int*)(&_wcsicmp))[argc];
      |                   ^~~~~~~~
      |                   wcsncmp
/home/cyberEvangelist/Documents/kivy-test/kivy-deps-build/kivy-dependencies/build/SDL2-2.26.4/build/CMakeFiles/CMakeScratch/TryCompile-ZuRv9E/CheckSymbolExists.c:14:19: note: each undeclared identifier is reported only once for each function it appears in
ninja: build stopped: subcommand failed.


File CheckSymbolExists.c:
/* */
#include <stddef.h>
#include <stdarg.h>
#include <stdlib.h>
#include <string.h>
#include <stdio.h>
#include <wchar.h>
#include <float.h>

int main(int argc, char** argv)
{
  (void)argv;
#ifndef _wcsicmp
  return ((int*)(&_wcsicmp))[argc];
#else
  (void)argc;
  return 0;
#endif
}
Determining if the _wcsnicmp exist failed with the following output:
Change Dir: /home/cyberEvangelist/Documents/kivy-test/kivy-deps-build/kivy-dependencies/build/SDL2-2.26.4/build/CMakeFiles/CMakeScratch/TryCompile-ewuoQ1

Run Build Command(s):/usr/bin/ninja cmTC_195f3 && [1/2] Building C object CMakeFiles/cmTC_195f3.dir/CheckSymbolExists.c.o
FAILED: CMakeFiles/cmTC_195f3.dir/CheckSymbolExists.c.o 
/usr/bin/cc   -idirafter "/home/cyberEvangelist/Documents/kivy-test/kivy-deps-build/kivy-dependencies/build/SDL2-2.26.4/src/video/khronos"  -D_GNU_SOURCE=1 -o CMakeFiles/cmTC_195f3.dir/CheckSymbolExists.c.o -c /home/cyberEvangelist/Documents/kivy-test/kivy-deps-build/kivy-dependencies/build/SDL2-2.26.4/build/CMakeFiles/CMakeScratch/TryCompile-ewuoQ1/CheckSymbolExists.c
/home/cyberEvangelist/Documents/kivy-test/kivy-deps-build/kivy-dependencies/build/SDL2-2.26.4/build/CMakeFiles/CMakeScratch/TryCompile-ewuoQ1/CheckSymbolExists.c: In function ‘main’:
/home/cyberEvangelist/Documents/kivy-test/kivy-deps-build/kivy-dependencies/build/SDL2-2.26.4/build/CMakeFiles/CMakeScratch/TryCompile-ewuoQ1/CheckSymbolExists.c:14:19: error: ‘_wcsnicmp’ undeclared (first use in this function); did you mean ‘wcsncmp’?
   14 |   return ((int*)(&_wcsnicmp))[argc];
      |                   ^~~~~~~~~
      |                   wcsncmp
/home/cyberEvangelist/Documents/kivy-test/kivy-deps-build/kivy-dependencies/build/SDL2-2.26.4/build/CMakeFiles/CMakeScratch/TryCompile-ewuoQ1/CheckSymbolExists.c:14:19: note: each undeclared identifier is reported only once for each function it appears in
ninja: build stopped: subcommand failed.


File CheckSymbolExists.c:
/* */
#include <stddef.h>
#include <stdarg.h>
#include <stdlib.h>
#include <string.h>
#include <stdio.h>
#include <wchar.h>
#include <float.h>

int main(int argc, char** argv)
{
  (void)argv;
#ifndef _wcsnicmp
  return ((int*)(&_wcsnicmp))[argc];
#else
  (void)argc;
  return 0;
#endif
}
Determining if the sysctlbyname exist failed with the following output:
Change Dir: /home/cyberEvangelist/Documents/kivy-test/kivy-deps-build/kivy-dependencies/build/SDL2-2.26.4/build/CMakeFiles/CMakeScratch/TryCompile-yNiJVD

Run Build Command(s):/usr/bin/ninja cmTC_7e647 && [1/2] Building C object CMakeFiles/cmTC_7e647.dir/CheckSymbolExists.c.o
FAILED: CMakeFiles/cmTC_7e647.dir/CheckSymbolExists.c.o 
/usr/bin/cc   -idirafter "/home/cyberEvangelist/Documents/kivy-test/kivy-deps-build/kivy-dependencies/build/SDL2-2.26.4/src/video/khronos"  -D_GNU_SOURCE=1 -o CMakeFiles/cmTC_7e647.dir/CheckSymbolExists.c.o -c /home/cyberEvangelist/Documents/kivy-test/kivy-deps-build/kivy-dependencies/build/SDL2-2.26.4/build/CMakeFiles/CMakeScratch/TryCompile-yNiJVD/CheckSymbolExists.c
/home/cyberEvangelist/Documents/kivy-test/kivy-deps-build/kivy-dependencies/build/SDL2-2.26.4/build/CMakeFiles/CMakeScratch/TryCompile-yNiJVD/CheckSymbolExists.c:3:10: fatal error: sys/sysctl.h: No such file or directory
    3 | #include <sys/sysctl.h>
      |          ^~~~~~~~~~~~~~
compilation terminated.
ninja: build stopped: subcommand failed.


File CheckSymbolExists.c:
/* */
#include <sys/types.h>
#include <sys/sysctl.h>

int main(int argc, char** argv)
{
  (void)argv;
#ifndef sysctlbyname
  return ((int*)(&sysctlbyname))[argc];
#else
  (void)argc;
  return 0;
#endif
}
Determining if the elf_aux_info exist failed with the following output:
Change Dir: /home/cyberEvangelist/Documents/kivy-test/kivy-deps-build/kivy-dependencies/build/SDL2-2.26.4/build/CMakeFiles/CMakeScratch/TryCompile-pVUqqb

Run Build Command(s):/usr/bin/ninja cmTC_3bc29 && [1/2] Building C object CMakeFiles/cmTC_3bc29.dir/CheckSymbolExists.c.o
FAILED: CMakeFiles/cmTC_3bc29.dir/CheckSymbolExists.c.o 
/usr/bin/cc   -idirafter "/home/cyberEvangelist/Documents/kivy-test/kivy-deps-build/kivy-dependencies/build/SDL2-2.26.4/src/video/khronos"  -D_GNU_SOURCE=1 -o CMakeFiles/cmTC_3bc29.dir/CheckSymbolExists.c.o -c /home/cyberEvangelist/Documents/kivy-test/kivy-deps-build/kivy-dependencies/build/SDL2-2.26.4/build/CMakeFiles/CMakeScratch/TryCompile-pVUqqb/CheckSymbolExists.c
/home/cyberEvangelist/Documents/kivy-test/kivy-deps-build/kivy-dependencies/build/SDL2-2.26.4/build/CMakeFiles/CMakeScratch/TryCompile-pVUqqb/CheckSymbolExists.c: In function ‘main’:
/home/cyberEvangelist/Documents/kivy-test/kivy-deps-build/kivy-dependencies/build/SDL2-2.26.4/build/CMakeFiles/CMakeScratch/TryCompile-pVUqqb/CheckSymbolExists.c:8:19: error: ‘elf_aux_info’ undeclared (first use in this function)
    8 |   return ((int*)(&elf_aux_info))[argc];
      |                   ^~~~~~~~~~~~
/home/cyberEvangelist/Documents/kivy-test/kivy-deps-build/kivy-dependencies/build/SDL2-2.26.4/build/CMakeFiles/CMakeScratch/TryCompile-pVUqqb/CheckSymbolExists.c:8:19: note: each undeclared identifier is reported only once for each function it appears in
ninja: build stopped: subcommand failed.


File CheckSymbolExists.c:
/* */
#include <sys/auxv.h>

int main(int argc, char** argv)
{
  (void)argv;
#ifndef elf_aux_info
  return ((int*)(&elf_aux_info))[argc];
#else
  (void)argc;
  return 0;
#endif
}
Determining if the function iconv_open exists in the iconv failed with the following output:
Change Dir: /home/cyberEvangelist/Documents/kivy-test/kivy-deps-build/kivy-dependencies/build/SDL2-2.26.4/build/CMakeFiles/CMakeScratch/TryCompile-NUm3lM

Run Build Command(s):/usr/bin/ninja cmTC_22444 && [1/2] Building C object CMakeFiles/cmTC_22444.dir/CheckFunctionExists.c.o
[2/2] Linking C executable cmTC_22444
FAILED: cmTC_22444 
: && /usr/bin/cc -idirafter "/home/cyberEvangelist/Documents/kivy-test/kivy-deps-build/kivy-dependencies/build/SDL2-2.26.4/src/video/khronos" -DCHECK_FUNCTION_EXISTS=iconv_open  -D_GNU_SOURCE=1 -rdynamic CMakeFiles/cmTC_22444.dir/CheckFunctionExists.c.o -o cmTC_22444  -liconv && :
/usr/bin/ld: cannot find -liconv: No such file or directory
collect2: error: ld returned 1 exit status
ninja: build stopped: subcommand failed.



Determining if the alloca exist failed with the following output:
Change Dir: /home/cyberEvangelist/Documents/kivy-test/kivy-deps-build/kivy-dependencies/build/SDL2-2.26.4/build/CMakeFiles/CMakeScratch/TryCompile-B1kA8o

Run Build Command(s):/usr/bin/ninja cmTC_f1fee && [1/2] Building C object CMakeFiles/cmTC_f1fee.dir/CheckSymbolExists.c.o
FAILED: CMakeFiles/cmTC_f1fee.dir/CheckSymbolExists.c.o 
/usr/bin/cc   -idirafter "/home/cyberEvangelist/Documents/kivy-test/kivy-deps-build/kivy-dependencies/build/SDL2-2.26.4/src/video/khronos"  -D_GNU_SOURCE=1 -o CMakeFiles/cmTC_f1fee.dir/CheckSymbolExists.c.o -c /home/cyberEvangelist/Documents/kivy-test/kivy-deps-build/kivy-dependencies/build/SDL2-2.26.4/build/CMakeFiles/CMakeScratch/TryCompile-B1kA8o/CheckSymbolExists.c
/home/cyberEvangelist/Documents/kivy-test/kivy-deps-build/kivy-dependencies/build/SDL2-2.26.4/build/CMakeFiles/CMakeScratch/TryCompile-B1kA8o/CheckSymbolExists.c: In function ‘main’:
/home/cyberEvangelist/Documents/kivy-test/kivy-deps-build/kivy-dependencies/build/SDL2-2.26.4/build/CMakeFiles/CMakeScratch/TryCompile-B1kA8o/CheckSymbolExists.c:8:19: error: ‘alloca’ undeclared (first use in this function); did you mean ‘valloc’?
    8 |   return ((int*)(&alloca))[argc];
      |                   ^~~~~~
      |                   valloc
/home/cyberEvangelist/Documents/kivy-test/kivy-deps-build/kivy-dependencies/build/SDL2-2.26.4/build/CMakeFiles/CMakeScratch/TryCompile-B1kA8o/CheckSymbolExists.c:8:19: note: each undeclared identifier is reported only once for each function it appears in
ninja: build stopped: subcommand failed.


File CheckSymbolExists.c:
/* */
#include <malloc.h>

int main(int argc, char** argv)
{
  (void)argv;
#ifndef alloca
  return ((int*)(&alloca))[argc];
#else
  (void)argc;
  return 0;
#endif
}
Determining if the include file alsa/asoundlib.h exists failed with the following output:
Change Dir: /home/cyberEvangelist/Documents/kivy-test/kivy-deps-build/kivy-dependencies/build/SDL2-2.26.4/build/CMakeFiles/CMakeScratch/TryCompile-jb9BeF

Run Build Command(s):/usr/bin/ninja cmTC_2fa04 && [1/2] Building C object CMakeFiles/cmTC_2fa04.dir/CheckIncludeFile.c.o
FAILED: CMakeFiles/cmTC_2fa04.dir/CheckIncludeFile.c.o 
/usr/bin/cc   -idirafter "/home/cyberEvangelist/Documents/kivy-test/kivy-deps-build/kivy-dependencies/build/SDL2-2.26.4/src/video/khronos"  -D_GNU_SOURCE=1 -o CMakeFiles/cmTC_2fa04.dir/CheckIncludeFile.c.o -c /home/cyberEvangelist/Documents/kivy-test/kivy-deps-build/kivy-dependencies/build/SDL2-2.26.4/build/CMakeFiles/CMakeScratch/TryCompile-jb9BeF/CheckIncludeFile.c
/home/cyberEvangelist/Documents/kivy-test/kivy-deps-build/kivy-dependencies/build/SDL2-2.26.4/build/CMakeFiles/CMakeScratch/TryCompile-jb9BeF/CheckIncludeFile.c:1:10: fatal error: alsa/asoundlib.h: No such file or directory
    1 | #include <alsa/asoundlib.h>
      |          ^~~~~~~~~~~~~~~~~~
compilation terminated.
ninja: build stopped: subcommand failed.



Determining if the include file audio/audiolib.h exists failed with the following output:
Change Dir: /home/cyberEvangelist/Documents/kivy-test/kivy-deps-build/kivy-dependencies/build/SDL2-2.26.4/build/CMakeFiles/CMakeScratch/TryCompile-Ajhu5X

Run Build Command(s):/usr/bin/ninja cmTC_02ab8 && [1/2] Building C object CMakeFiles/cmTC_02ab8.dir/CheckIncludeFile.c.o
FAILED: CMakeFiles/cmTC_02ab8.dir/CheckIncludeFile.c.o 
/usr/bin/cc   -idirafter "/home/cyberEvangelist/Documents/kivy-test/kivy-deps-build/kivy-dependencies/build/SDL2-2.26.4/src/video/khronos"  -D_GNU_SOURCE=1 -o CMakeFiles/cmTC_02ab8.dir/CheckIncludeFile.c.o -c /home/cyberEvangelist/Documents/kivy-test/kivy-deps-build/kivy-dependencies/build/SDL2-2.26.4/build/CMakeFiles/CMakeScratch/TryCompile-Ajhu5X/CheckIncludeFile.c
/home/cyberEvangelist/Documents/kivy-test/kivy-deps-build/kivy-dependencies/build/SDL2-2.26.4/build/CMakeFiles/CMakeScratch/TryCompile-Ajhu5X/CheckIncludeFile.c:1:10: fatal error: audio/audiolib.h: No such file or directory
    1 | #include <audio/audiolib.h>
      |          ^~~~~~~~~~~~~~~~~~
compilation terminated.
ninja: build stopped: subcommand failed.



Performing C SOURCE FILE Test HAVE_RPI failed with the following output:
Change Dir: /home/cyberEvangelist/Documents/kivy-test/kivy-deps-build/kivy-dependencies/build/SDL2-2.26.4/build/CMakeFiles/CMakeScratch/TryCompile-MGyhMF

Run Build Command(s):/usr/bin/ninja cmTC_d4a31 && [1/2] Building C object CMakeFiles/cmTC_d4a31.dir/src.c.o
FAILED: CMakeFiles/cmTC_d4a31.dir/src.c.o 
/usr/bin/cc -DHAVE_RPI  -idirafter "/home/cyberEvangelist/Documents/kivy-test/kivy-deps-build/kivy-dependencies/build/SDL2-2.26.4/src/video/khronos"  -D_GNU_SOURCE=1  -I/opt/vc/include -I/opt/vc/include/interface/vcos/pthreads -I/opt/vc/include/interface/vmcs_host/linux/  -L/opt/vc/lib -o CMakeFiles/cmTC_d4a31.dir/src.c.o -c /home/cyberEvangelist/Documents/kivy-test/kivy-deps-build/kivy-dependencies/build/SDL2-2.26.4/build/CMakeFiles/CMakeScratch/TryCompile-MGyhMF/src.c
/home/cyberEvangelist/Documents/kivy-test/kivy-deps-build/kivy-dependencies/build/SDL2-2.26.4/build/CMakeFiles/CMakeScratch/TryCompile-MGyhMF/src.c:2:18: fatal error: bcm_host.h: No such file or directory
    2 |         #include <bcm_host.h>
      |                  ^~~~~~~~~~~~
compilation terminated.
ninja: build stopped: subcommand failed.


Source file was:

        #include <bcm_host.h>
        #include <EGL/eglplatform.h>
        int main(int argc, char **argv) {
          EGL_DISPMANX_WINDOW_T window;
          bcm_host_init();
        }

Performing C SOURCE FILE Test HAVE_VIVANTE_VDK failed with the following output:
Change Dir: /home/cyberEvangelist/Documents/kivy-test/kivy-deps-build/kivy-dependencies/build/SDL2-2.26.4/build/CMakeFiles/CMakeScratch/TryCompile-4HSvRd

Run Build Command(s):/usr/bin/ninja cmTC_42159 && [1/2] Building C object CMakeFiles/cmTC_42159.dir/src.c.o
FAILED: CMakeFiles/cmTC_42159.dir/src.c.o 
/usr/bin/cc -DHAVE_VIVANTE_VDK  -idirafter "/home/cyberEvangelist/Documents/kivy-test/kivy-deps-build/kivy-dependencies/build/SDL2-2.26.4/src/video/khronos"  -D_GNU_SOURCE=1 -o CMakeFiles/cmTC_42159.dir/src.c.o -c /home/cyberEvangelist/Documents/kivy-test/kivy-deps-build/kivy-dependencies/build/SDL2-2.26.4/build/CMakeFiles/CMakeScratch/TryCompile-4HSvRd/src.c
/home/cyberEvangelist/Documents/kivy-test/kivy-deps-build/kivy-dependencies/build/SDL2-2.26.4/build/CMakeFiles/CMakeScratch/TryCompile-4HSvRd/src.c:2:18: fatal error: gc_vdk.h: No such file or directory
    2 |         #include <gc_vdk.h>
      |                  ^~~~~~~~~~
compilation terminated.
ninja: build stopped: subcommand failed.


Source file was:

        #include <gc_vdk.h>
        int main(int argc, char** argv) { return 0; }

Performing C SOURCE FILE Test HAVE_VIVANTE_EGL_FB failed with the following output:
Change Dir: /home/cyberEvangelist/Documents/kivy-test/kivy-deps-build/kivy-dependencies/build/SDL2-2.26.4/build/CMakeFiles/CMakeScratch/TryCompile-7EQOxX

Run Build Command(s):/usr/bin/ninja cmTC_7e063 && [1/2] Building C object CMakeFiles/cmTC_7e063.dir/src.c.o
FAILED: CMakeFiles/cmTC_7e063.dir/src.c.o 
/usr/bin/cc -DHAVE_VIVANTE_EGL_FB  -idirafter "/home/cyberEvangelist/Documents/kivy-test/kivy-deps-build/kivy-dependencies/build/SDL2-2.26.4/src/video/khronos"  -D_GNU_SOURCE=1 -o CMakeFiles/cmTC_7e063.dir/src.c.o -c /home/cyberEvangelist/Documents/kivy-test/kivy-deps-build/kivy-dependencies/build/SDL2-2.26.4/build/CMakeFiles/CMakeScratch/TryCompile-7EQOxX/src.c
/home/cyberEvangelist/Documents/kivy-test/kivy-deps-build/kivy-dependencies/build/SDL2-2.26.4/build/CMakeFiles/CMakeScratch/TryCompile-7EQOxX/src.c:4:18: fatal error: EGL/eglvivante.h: No such file or directory
    4 |         #include <EGL/eglvivante.h>
      |                  ^~~~~~~~~~~~~~~~~~
compilation terminated.
ninja: build stopped: subcommand failed.


Source file was:

        #define LINUX
        #define EGL_API_FB
        #include <EGL/eglvivante.h>
        int main(int argc, char** argv) { return 0; }

Determining if files pthread_np.h exist failed with the following output:
Change Dir: /home/cyberEvangelist/Documents/kivy-test/kivy-deps-build/kivy-dependencies/build/SDL2-2.26.4/build/CMakeFiles/CMakeScratch/TryCompile-noCuAb

Run Build Command(s):/usr/bin/ninja cmTC_ed33b && [1/2] Building C object CMakeFiles/cmTC_ed33b.dir/HAVE_PTHREAD_NP_H.c.o
FAILED: CMakeFiles/cmTC_ed33b.dir/HAVE_PTHREAD_NP_H.c.o 
/usr/bin/cc   -idirafter "/home/cyberEvangelist/Documents/kivy-test/kivy-deps-build/kivy-dependencies/build/SDL2-2.26.4/src/video/khronos"  -D_GNU_SOURCE=1 -D_REENTRANT -pthread -o CMakeFiles/cmTC_ed33b.dir/HAVE_PTHREAD_NP_H.c.o -c /home/cyberEvangelist/Documents/kivy-test/kivy-deps-build/kivy-dependencies/build/SDL2-2.26.4/build/CMakeFiles/CMakeScratch/TryCompile-noCuAb/HAVE_PTHREAD_NP_H.c
/home/cyberEvangelist/Documents/kivy-test/kivy-deps-build/kivy-dependencies/build/SDL2-2.26.4/build/CMakeFiles/CMakeScratch/TryCompile-noCuAb/HAVE_PTHREAD_NP_H.c:2:10: fatal error: pthread_np.h: No such file or directory
    2 | #include <pthread_np.h>
      |          ^~~~~~~~~~~~~~
compilation terminated.
ninja: build stopped: subcommand failed.


Source:
/* */
#include <pthread_np.h>


int main(void){return 0;}

Determining if the include file samplerate.h exists failed with the following output:
Change Dir: /home/cyberEvangelist/Documents/kivy-test/kivy-deps-build/kivy-dependencies/build/SDL2-2.26.4/build/CMakeFiles/CMakeScratch/TryCompile-qxZZOE

Run Build Command(s):/usr/bin/ninja cmTC_ab851 && [1/2] Building C object CMakeFiles/cmTC_ab851.dir/CheckIncludeFile.c.o
FAILED: CMakeFiles/cmTC_ab851.dir/CheckIncludeFile.c.o 
/usr/bin/cc   -idirafter "/home/cyberEvangelist/Documents/kivy-test/kivy-deps-build/kivy-dependencies/build/SDL2-2.26.4/src/video/khronos" -DHAVE_LINUX_VERSION_H  -D_GNU_SOURCE=1 -o CMakeFiles/cmTC_ab851.dir/CheckIncludeFile.c.o -c /home/cyberEvangelist/Documents/kivy-test/kivy-deps-build/kivy-dependencies/build/SDL2-2.26.4/build/CMakeFiles/CMakeScratch/TryCompile-qxZZOE/CheckIncludeFile.c
/home/cyberEvangelist/Documents/kivy-test/kivy-deps-build/kivy-dependencies/build/SDL2-2.26.4/build/CMakeFiles/CMakeScratch/TryCompile-qxZZOE/CheckIncludeFile.c:1:10: fatal error: samplerate.h: No such file or directory
    1 | #include <samplerate.h>
      |          ^~~~~~~~~~~~~~
compilation terminated.
ninja: build stopped: subcommand failed.



